rm -f results.xml
"make" -f Makefile results.xml
make[1]: Entering directory '/data/sam/open-npu/rtl/tb'
/usr/local/lib/python3.10/dist-packages/cocotb_tools/makefiles/simulators/Makefile.verilator:69: Using MODULE is deprecated, please use COCOTB_TEST_MODULES instead.
/usr/local/lib/python3.10/dist-packages/cocotb_tools/makefiles/simulators/Makefile.verilator:69: Using TESTCASE is deprecated, please use COCOTB_TESTCASE instead.
rm -f results.xml
COCOTB_TEST_MODULES=e2e.test_model_b_int16 COCOTB_TESTCASE=test_model_b_l0_conv_int16 COCOTB_TEST_FILTER= COCOTB_TOPLEVEL=npu_top TOPLEVEL_LANG=verilog \
         sim_build/Vtop     
     -.--ns INFO     gpi                                ..mbed/gpi_embed.cpp:93   in _embed_init_python              Using Python 3.10.14 interpreter at /usr/bin/python3
     -.--ns INFO     gpi                                ../gpi/GpiCommon.cpp:79   in gpi_print_registered_impl       VPI registered
     0.00ns INFO     cocotb                             Running on Verilator version 5.036 2025-04-27
     0.00ns INFO     cocotb                             Seeding Python random module with 1781494851
     0.00ns INFO     cocotb                             Initialized cocotb v2.0.1 from /usr/local/lib/python3.10/dist-packages/cocotb
     0.00ns INFO     cocotb.regression                  pytest not found, install it to enable better AssertionError messages
     0.00ns WARNING  py.warnings                        /usr/local/lib/python3.10/dist-packages/cocotb/_init.py:102: DeprecationWarning: COCOTB_TESTCASE is deprecated in favor of COCOTB_TEST_FILTER
                                                          _setup_regression_manager()
     0.00ns INFO     cocotb                             Running tests
     0.00ns INFO     cocotb.regression                  running e2e.test_model_b_int16.test_model_b_l0_conv_int16 (1/1)
                                                            MODEL_B INT16 Layer 0: Conv 112x112x1 → 56x56x64 (28 tiles).
    50.00ns INFO     cocotb.npu_top                     MODEL_B L0: Conv 112x112x1 → 56x56x64 tile=8x16 tiles=7x4
   710.00ns INFO     cocotb.npu_top                       irq_o before START: 0
422505210.00ns INFO     cocotb.npu_top                       done=True, irq_o=1, STATUS=0x00000100
422505210.00ns INFO     cocotb.npu_top                       DDR[30010000]: 00000000 00000000 00000000 00000000 0CB10000 00000000 00000000 00000000
422505210.00ns INFO     cocotb.npu_top                       DDR[30010020]: 00000000 00000000 00000000 00000000 00001044 00000000 00000000 00000000
422505210.00ns INFO     cocotb.npu_top                       GOLDEN[0:8]: 0BFB7FFF 0C250C5B 0CF27FFF 7FFF7FFF 7FFF7FFF 7FFF7FFF 7FFF7FFF 7FFF7FFF
422505210.00ns INFO     cocotb.npu_top                       Layer 0: 1144/2048 mismatches, first: word[0] exp=0BFB7FFF got=00000000
422505210.00ns WARNING  ..v_int16.test_model_b_l0_conv_int16 Layer 0: 1144/2048 mismatches, first: word[0] exp=0BFB7FFF got=00000000
                                                           Traceback (most recent call last):
                                                             File "/data/sam/open-npu/rtl/tb/e2e/test_model_b_int16.py", line 85, in test_model_b_l0_conv_int16
                                                               assert ok, detail
                                                           AssertionError: Layer 0: 1144/2048 mismatches, first: word[0] exp=0BFB7FFF got=00000000
422505210.00ns WARNING  cocotb.regression                  e2e.test_model_b_int16.test_model_b_l0_conv_int16 failed
422505210.00ns INFO     cocotb.regression                  *******************************************************************************************************
                                                           ** TEST                                           STATUS  SIM TIME (ns)  REAL TIME (s)  RATIO (ns/s) **
                                                           *******************************************************************************************************
                                                           ** e2e.test_model_b_int16.test_model_b_l0_conv_int16   FAIL   422505210.00        1780.13     237344.68  **
                                                           *******************************************************************************************************
                                                           ** TESTS=1 PASS=0 FAIL=1 SKIP=0                           422505210.00        1780.14     237343.22  **
                                                           *******************************************************************************************************
- :0: Verilog $finish
make[1]: *** [/usr/local/lib/python3.10/dist-packages/cocotb_tools/makefiles/simulators/Makefile.verilator:70: results.xml] Error 1
make[1]: Leaving directory '/data/sam/open-npu/rtl/tb'
make: *** [/usr/local/lib/python3.10/dist-packages/cocotb_tools/makefiles/Makefile.inc:17: sim] Error 2
